[0.625s] Invoking command in '/home/user/ros2_ws/src/TechSimApiROS': PYTHONPATH=/home/user/ros2_ws/src/TechSimApiROS/build/computer_vision_functionality/prefix_override:/usr/lib/python3/dist-packages/colcon_core/task/python/colcon_distutils_commands:/home/user/ros2_ws/src/TechSimApiROS/install/computer_vision_functionality/lib/python3.10/site-packages:${PYTHONPATH} /usr/bin/python3 -W ignore:setup.py install is deprecated setup.py egg_info --egg-base build/computer_vision_functionality build --build-base /home/user/ros2_ws/src/TechSimApiROS/build/computer_vision_functionality/build install --record /home/user/ros2_ws/src/TechSimApiROS/build/computer_vision_functionality/install.log --single-version-externally-managed install_data
[0.847s] running egg_info
[0.847s] writing build/computer_vision_functionality/computer_vision_functionality.egg-info/PKG-INFO
[0.848s] writing dependency_links to build/computer_vision_functionality/computer_vision_functionality.egg-info/dependency_links.txt
[0.848s] writing entry points to build/computer_vision_functionality/computer_vision_functionality.egg-info/entry_points.txt
[0.849s] writing requirements to build/computer_vision_functionality/computer_vision_functionality.egg-info/requires.txt
[0.849s] writing top-level names to build/computer_vision_functionality/computer_vision_functionality.egg-info/top_level.txt
[0.852s] reading manifest file 'build/computer_vision_functionality/computer_vision_functionality.egg-info/SOURCES.txt'
[0.852s] writing manifest file 'build/computer_vision_functionality/computer_vision_functionality.egg-info/SOURCES.txt'
[0.853s] running build
[0.853s] running build_py
[0.853s] copying computer_vision_functionality/recognition_of_aruco_marker_node.py -> /home/user/ros2_ws/src/TechSimApiROS/build/computer_vision_functionality/build/lib/computer_vision_functionality
[0.854s] running install
[0.854s] running install_lib
[0.855s] copying /home/user/ros2_ws/src/TechSimApiROS/build/computer_vision_functionality/build/lib/computer_vision_functionality/recognition_of_aruco_marker_node.py -> /home/user/ros2_ws/src/TechSimApiROS/install/computer_vision_functionality/lib/python3.10/site-packages/computer_vision_functionality
[0.856s] byte-compiling /home/user/ros2_ws/src/TechSimApiROS/install/computer_vision_functionality/lib/python3.10/site-packages/computer_vision_functionality/recognition_of_aruco_marker_node.py to recognition_of_aruco_marker_node.cpython-310.pyc
[0.858s] running install_data
[0.858s] running install_egg_info
[0.860s] removing '/home/user/ros2_ws/src/TechSimApiROS/install/computer_vision_functionality/lib/python3.10/site-packages/computer_vision_functionality-0.0.0-py3.10.egg-info' (and everything under it)
[0.860s] Copying build/computer_vision_functionality/computer_vision_functionality.egg-info to /home/user/ros2_ws/src/TechSimApiROS/install/computer_vision_functionality/lib/python3.10/site-packages/computer_vision_functionality-0.0.0-py3.10.egg-info
[0.861s] running install_scripts
[0.878s] Installing get_image_from_sim_node script to /home/user/ros2_ws/src/TechSimApiROS/install/computer_vision_functionality/lib/computer_vision_functionality
[0.878s] Installing read_lidar_point_cloud_node script to /home/user/ros2_ws/src/TechSimApiROS/install/computer_vision_functionality/lib/computer_vision_functionality
[0.878s] Installing recognition_of_aruco_marker_node script to /home/user/ros2_ws/src/TechSimApiROS/install/computer_vision_functionality/lib/computer_vision_functionality
[0.878s] Installing sim_driver_node script to /home/user/ros2_ws/src/TechSimApiROS/install/computer_vision_functionality/lib/computer_vision_functionality
[0.879s] Installing teleop_node script to /home/user/ros2_ws/src/TechSimApiROS/install/computer_vision_functionality/lib/computer_vision_functionality
[0.879s] writing list of installed files to '/home/user/ros2_ws/src/TechSimApiROS/build/computer_vision_functionality/install.log'
[0.915s] Invoked command in '/home/user/ros2_ws/src/TechSimApiROS' returned '0': PYTHONPATH=/home/user/ros2_ws/src/TechSimApiROS/build/computer_vision_functionality/prefix_override:/usr/lib/python3/dist-packages/colcon_core/task/python/colcon_distutils_commands:/home/user/ros2_ws/src/TechSimApiROS/install/computer_vision_functionality/lib/python3.10/site-packages:${PYTHONPATH} /usr/bin/python3 -W ignore:setup.py install is deprecated setup.py egg_info --egg-base build/computer_vision_functionality build --build-base /home/user/ros2_ws/src/TechSimApiROS/build/computer_vision_functionality/build install --record /home/user/ros2_ws/src/TechSimApiROS/build/computer_vision_functionality/install.log --single-version-externally-managed install_data
