running egg_info
creating build/computer_vision_functionality/computer_vision_functionality.egg-info
writing build/computer_vision_functionality/computer_vision_functionality.egg-info/PKG-INFO
writing dependency_links to build/computer_vision_functionality/computer_vision_functionality.egg-info/dependency_links.txt
writing entry points to build/computer_vision_functionality/computer_vision_functionality.egg-info/entry_points.txt
writing requirements to build/computer_vision_functionality/computer_vision_functionality.egg-info/requires.txt
writing top-level names to build/computer_vision_functionality/computer_vision_functionality.egg-info/top_level.txt
writing manifest file 'build/computer_vision_functionality/computer_vision_functionality.egg-info/SOURCES.txt'
reading manifest file 'build/computer_vision_functionality/computer_vision_functionality.egg-info/SOURCES.txt'
writing manifest file 'build/computer_vision_functionality/computer_vision_functionality.egg-info/SOURCES.txt'
running build
running build_py
creating /home/senya/ros2_ws/src/TechSimApi/build/computer_vision_functionality/build
creating /home/senya/ros2_ws/src/TechSimApi/build/computer_vision_functionality/build/lib
creating /home/senya/ros2_ws/src/TechSimApi/build/computer_vision_functionality/build/lib/computer_vision_functionality
copying computer_vision_functionality/get_imu_and_bar_data_node.py -> /home/senya/ros2_ws/src/TechSimApi/build/computer_vision_functionality/build/lib/computer_vision_functionality
copying computer_vision_functionality/recognition_of_aruco_marker_node.py -> /home/senya/ros2_ws/src/TechSimApi/build/computer_vision_functionality/build/lib/computer_vision_functionality
copying computer_vision_functionality/get_image_from_sim_node.py -> /home/senya/ros2_ws/src/TechSimApi/build/computer_vision_functionality/build/lib/computer_vision_functionality
copying computer_vision_functionality/aruco_marker_recognizer.py -> /home/senya/ros2_ws/src/TechSimApi/build/computer_vision_functionality/build/lib/computer_vision_functionality
copying computer_vision_functionality/recognition_setting.py -> /home/senya/ros2_ws/src/TechSimApi/build/computer_vision_functionality/build/lib/computer_vision_functionality
copying computer_vision_functionality/__init__.py -> /home/senya/ros2_ws/src/TechSimApi/build/computer_vision_functionality/build/lib/computer_vision_functionality
copying computer_vision_functionality/sim_driver.py -> /home/senya/ros2_ws/src/TechSimApi/build/computer_vision_functionality/build/lib/computer_vision_functionality
copying computer_vision_functionality/example.py -> /home/senya/ros2_ws/src/TechSimApi/build/computer_vision_functionality/build/lib/computer_vision_functionality
copying computer_vision_functionality/get_point_cloud_by_lidar_from_sim_node.py -> /home/senya/ros2_ws/src/TechSimApi/build/computer_vision_functionality/build/lib/computer_vision_functionality
copying computer_vision_functionality/teleop.py -> /home/senya/ros2_ws/src/TechSimApi/build/computer_vision_functionality/build/lib/computer_vision_functionality
creating /home/senya/ros2_ws/src/TechSimApi/build/computer_vision_functionality/build/lib/computer_vision_functionality/agrotechsimapi
copying computer_vision_functionality/agrotechsimapi/client.py -> /home/senya/ros2_ws/src/TechSimApi/build/computer_vision_functionality/build/lib/computer_vision_functionality/agrotechsimapi
copying computer_vision_functionality/agrotechsimapi/utils.py -> /home/senya/ros2_ws/src/TechSimApi/build/computer_vision_functionality/build/lib/computer_vision_functionality/agrotechsimapi
copying computer_vision_functionality/agrotechsimapi/types.py -> /home/senya/ros2_ws/src/TechSimApi/build/computer_vision_functionality/build/lib/computer_vision_functionality/agrotechsimapi
copying computer_vision_functionality/agrotechsimapi/__init__.py -> /home/senya/ros2_ws/src/TechSimApi/build/computer_vision_functionality/build/lib/computer_vision_functionality/agrotechsimapi
copying computer_vision_functionality/agrotechsimapi/pfm.py -> /home/senya/ros2_ws/src/TechSimApi/build/computer_vision_functionality/build/lib/computer_vision_functionality/agrotechsimapi
running install
running install_lib
creating /home/senya/ros2_ws/src/TechSimApi/install/computer_vision_functionality/lib/python3.10/site-packages/computer_vision_functionality
copying /home/senya/ros2_ws/src/TechSimApi/build/computer_vision_functionality/build/lib/computer_vision_functionality/get_imu_and_bar_data_node.py -> /home/senya/ros2_ws/src/TechSimApi/install/computer_vision_functionality/lib/python3.10/site-packages/computer_vision_functionality
creating /home/senya/ros2_ws/src/TechSimApi/install/computer_vision_functionality/lib/python3.10/site-packages/computer_vision_functionality/agrotechsimapi
copying /home/senya/ros2_ws/src/TechSimApi/build/computer_vision_functionality/build/lib/computer_vision_functionality/agrotechsimapi/client.py -> /home/senya/ros2_ws/src/TechSimApi/install/computer_vision_functionality/lib/python3.10/site-packages/computer_vision_functionality/agrotechsimapi
copying /home/senya/ros2_ws/src/TechSimApi/build/computer_vision_functionality/build/lib/computer_vision_functionality/agrotechsimapi/utils.py -> /home/senya/ros2_ws/src/TechSimApi/install/computer_vision_functionality/lib/python3.10/site-packages/computer_vision_functionality/agrotechsimapi
copying /home/senya/ros2_ws/src/TechSimApi/build/computer_vision_functionality/build/lib/computer_vision_functionality/agrotechsimapi/types.py -> /home/senya/ros2_ws/src/TechSimApi/install/computer_vision_functionality/lib/python3.10/site-packages/computer_vision_functionality/agrotechsimapi
copying /home/senya/ros2_ws/src/TechSimApi/build/computer_vision_functionality/build/lib/computer_vision_functionality/agrotechsimapi/__init__.py -> /home/senya/ros2_ws/src/TechSimApi/install/computer_vision_functionality/lib/python3.10/site-packages/computer_vision_functionality/agrotechsimapi
copying /home/senya/ros2_ws/src/TechSimApi/build/computer_vision_functionality/build/lib/computer_vision_functionality/agrotechsimapi/pfm.py -> /home/senya/ros2_ws/src/TechSimApi/install/computer_vision_functionality/lib/python3.10/site-packages/computer_vision_functionality/agrotechsimapi
copying /home/senya/ros2_ws/src/TechSimApi/build/computer_vision_functionality/build/lib/computer_vision_functionality/recognition_of_aruco_marker_node.py -> /home/senya/ros2_ws/src/TechSimApi/install/computer_vision_functionality/lib/python3.10/site-packages/computer_vision_functionality
copying /home/senya/ros2_ws/src/TechSimApi/build/computer_vision_functionality/build/lib/computer_vision_functionality/get_image_from_sim_node.py -> /home/senya/ros2_ws/src/TechSimApi/install/computer_vision_functionality/lib/python3.10/site-packages/computer_vision_functionality
copying /home/senya/ros2_ws/src/TechSimApi/build/computer_vision_functionality/build/lib/computer_vision_functionality/aruco_marker_recognizer.py -> /home/senya/ros2_ws/src/TechSimApi/install/computer_vision_functionality/lib/python3.10/site-packages/computer_vision_functionality
copying /home/senya/ros2_ws/src/TechSimApi/build/computer_vision_functionality/build/lib/computer_vision_functionality/recognition_setting.py -> /home/senya/ros2_ws/src/TechSimApi/install/computer_vision_functionality/lib/python3.10/site-packages/computer_vision_functionality
copying /home/senya/ros2_ws/src/TechSimApi/build/computer_vision_functionality/build/lib/computer_vision_functionality/__init__.py -> /home/senya/ros2_ws/src/TechSimApi/install/computer_vision_functionality/lib/python3.10/site-packages/computer_vision_functionality
copying /home/senya/ros2_ws/src/TechSimApi/build/computer_vision_functionality/build/lib/computer_vision_functionality/sim_driver.py -> /home/senya/ros2_ws/src/TechSimApi/install/computer_vision_functionality/lib/python3.10/site-packages/computer_vision_functionality
copying /home/senya/ros2_ws/src/TechSimApi/build/computer_vision_functionality/build/lib/computer_vision_functionality/example.py -> /home/senya/ros2_ws/src/TechSimApi/install/computer_vision_functionality/lib/python3.10/site-packages/computer_vision_functionality
copying /home/senya/ros2_ws/src/TechSimApi/build/computer_vision_functionality/build/lib/computer_vision_functionality/get_point_cloud_by_lidar_from_sim_node.py -> /home/senya/ros2_ws/src/TechSimApi/install/computer_vision_functionality/lib/python3.10/site-packages/computer_vision_functionality
copying /home/senya/ros2_ws/src/TechSimApi/build/computer_vision_functionality/build/lib/computer_vision_functionality/teleop.py -> /home/senya/ros2_ws/src/TechSimApi/install/computer_vision_functionality/lib/python3.10/site-packages/computer_vision_functionality
byte-compiling /home/senya/ros2_ws/src/TechSimApi/install/computer_vision_functionality/lib/python3.10/site-packages/computer_vision_functionality/get_imu_and_bar_data_node.py to get_imu_and_bar_data_node.cpython-310.pyc
byte-compiling /home/senya/ros2_ws/src/TechSimApi/install/computer_vision_functionality/lib/python3.10/site-packages/computer_vision_functionality/agrotechsimapi/client.py to client.cpython-310.pyc
byte-compiling /home/senya/ros2_ws/src/TechSimApi/install/computer_vision_functionality/lib/python3.10/site-packages/computer_vision_functionality/agrotechsimapi/utils.py to utils.cpython-310.pyc
byte-compiling /home/senya/ros2_ws/src/TechSimApi/install/computer_vision_functionality/lib/python3.10/site-packages/computer_vision_functionality/agrotechsimapi/types.py to types.cpython-310.pyc
byte-compiling /home/senya/ros2_ws/src/TechSimApi/install/computer_vision_functionality/lib/python3.10/site-packages/computer_vision_functionality/agrotechsimapi/__init__.py to __init__.cpython-310.pyc
byte-compiling /home/senya/ros2_ws/src/TechSimApi/install/computer_vision_functionality/lib/python3.10/site-packages/computer_vision_functionality/agrotechsimapi/pfm.py to pfm.cpython-310.pyc
byte-compiling /home/senya/ros2_ws/src/TechSimApi/install/computer_vision_functionality/lib/python3.10/site-packages/computer_vision_functionality/recognition_of_aruco_marker_node.py to recognition_of_aruco_marker_node.cpython-310.pyc
byte-compiling /home/senya/ros2_ws/src/TechSimApi/install/computer_vision_functionality/lib/python3.10/site-packages/computer_vision_functionality/get_image_from_sim_node.py to get_image_from_sim_node.cpython-310.pyc
byte-compiling /home/senya/ros2_ws/src/TechSimApi/install/computer_vision_functionality/lib/python3.10/site-packages/computer_vision_functionality/aruco_marker_recognizer.py to aruco_marker_recognizer.cpython-310.pyc
byte-compiling /home/senya/ros2_ws/src/TechSimApi/install/computer_vision_functionality/lib/python3.10/site-packages/computer_vision_functionality/recognition_setting.py to recognition_setting.cpython-310.pyc
byte-compiling /home/senya/ros2_ws/src/TechSimApi/install/computer_vision_functionality/lib/python3.10/site-packages/computer_vision_functionality/__init__.py to __init__.cpython-310.pyc
byte-compiling /home/senya/ros2_ws/src/TechSimApi/install/computer_vision_functionality/lib/python3.10/site-packages/computer_vision_functionality/sim_driver.py to sim_driver.cpython-310.pyc
byte-compiling /home/senya/ros2_ws/src/TechSimApi/install/computer_vision_functionality/lib/python3.10/site-packages/computer_vision_functionality/example.py to example.cpython-310.pyc
byte-compiling /home/senya/ros2_ws/src/TechSimApi/install/computer_vision_functionality/lib/python3.10/site-packages/computer_vision_functionality/get_point_cloud_by_lidar_from_sim_node.py to get_point_cloud_by_lidar_from_sim_node.cpython-310.pyc
byte-compiling /home/senya/ros2_ws/src/TechSimApi/install/computer_vision_functionality/lib/python3.10/site-packages/computer_vision_functionality/teleop.py to teleop.cpython-310.pyc
running install_data
creating /home/senya/ros2_ws/src/TechSimApi/install/computer_vision_functionality/share/ament_index
creating /home/senya/ros2_ws/src/TechSimApi/install/computer_vision_functionality/share/ament_index/resource_index
creating /home/senya/ros2_ws/src/TechSimApi/install/computer_vision_functionality/share/ament_index/resource_index/packages
copying resource/computer_vision_functionality -> /home/senya/ros2_ws/src/TechSimApi/install/computer_vision_functionality/share/ament_index/resource_index/packages
copying package.xml -> /home/senya/ros2_ws/src/TechSimApi/install/computer_vision_functionality/share/computer_vision_functionality
copying launch/driver.launch.py -> /home/senya/ros2_ws/src/TechSimApi/install/computer_vision_functionality/share/computer_vision_functionality
running install_egg_info
Copying build/computer_vision_functionality/computer_vision_functionality.egg-info to /home/senya/ros2_ws/src/TechSimApi/install/computer_vision_functionality/lib/python3.10/site-packages/computer_vision_functionality-0.0.0-py3.10.egg-info
running install_scripts
Installing example script to /home/senya/ros2_ws/src/TechSimApi/install/computer_vision_functionality/lib/computer_vision_functionality
Installing get_image_from_airsim_node script to /home/senya/ros2_ws/src/TechSimApi/install/computer_vision_functionality/lib/computer_vision_functionality
Installing get_imu_and_bar_data_node script to /home/senya/ros2_ws/src/TechSimApi/install/computer_vision_functionality/lib/computer_vision_functionality
Installing read_lidar_point_cloud_node script to /home/senya/ros2_ws/src/TechSimApi/install/computer_vision_functionality/lib/computer_vision_functionality
Installing recognition_of_aruco_marker_node script to /home/senya/ros2_ws/src/TechSimApi/install/computer_vision_functionality/lib/computer_vision_functionality
Installing sim_driver_node script to /home/senya/ros2_ws/src/TechSimApi/install/computer_vision_functionality/lib/computer_vision_functionality
Installing teleop_node script to /home/senya/ros2_ws/src/TechSimApi/install/computer_vision_functionality/lib/computer_vision_functionality
writing list of installed files to '/home/senya/ros2_ws/src/TechSimApi/build/computer_vision_functionality/install.log'
