[0.591s] Invoking command in '/home/senya/ros2_ws/src/TechSimApi': PYTHONPATH=/home/senya/ros2_ws/src/TechSimApi/build/computer_vision_functionality/prefix_override:/home/senya/ros2_ws/src/TechSimApi/install/computer_vision_functionality/lib/python3.10/site-packages:${PYTHONPATH} WSLENV=ELECTRON_RUN_AS_NODE/w:WT_SESSION:WT_PROFILE_ID: /usr/bin/python3 setup.py egg_info --egg-base build/computer_vision_functionality build --build-base /home/senya/ros2_ws/src/TechSimApi/build/computer_vision_functionality/build install --record /home/senya/ros2_ws/src/TechSimApi/build/computer_vision_functionality/install.log --single-version-externally-managed
[0.762s] running egg_info
[0.762s] creating build/computer_vision_functionality/computer_vision_functionality.egg-info
[0.762s] writing build/computer_vision_functionality/computer_vision_functionality.egg-info/PKG-INFO
[0.763s] writing dependency_links to build/computer_vision_functionality/computer_vision_functionality.egg-info/dependency_links.txt
[0.763s] writing entry points to build/computer_vision_functionality/computer_vision_functionality.egg-info/entry_points.txt
[0.763s] writing requirements to build/computer_vision_functionality/computer_vision_functionality.egg-info/requires.txt
[0.763s] writing top-level names to build/computer_vision_functionality/computer_vision_functionality.egg-info/top_level.txt
[0.763s] writing manifest file 'build/computer_vision_functionality/computer_vision_functionality.egg-info/SOURCES.txt'
[0.764s] reading manifest file 'build/computer_vision_functionality/computer_vision_functionality.egg-info/SOURCES.txt'
[0.765s] writing manifest file 'build/computer_vision_functionality/computer_vision_functionality.egg-info/SOURCES.txt'
[0.765s] running build
[0.765s] running build_py
[0.765s] creating /home/senya/ros2_ws/src/TechSimApi/build/computer_vision_functionality/build
[0.765s] creating /home/senya/ros2_ws/src/TechSimApi/build/computer_vision_functionality/build/lib
[0.766s] creating /home/senya/ros2_ws/src/TechSimApi/build/computer_vision_functionality/build/lib/computer_vision_functionality
[0.766s] copying computer_vision_functionality/get_imu_and_bar_data_node.py -> /home/senya/ros2_ws/src/TechSimApi/build/computer_vision_functionality/build/lib/computer_vision_functionality
[0.766s] copying computer_vision_functionality/recognition_of_aruco_marker_node.py -> /home/senya/ros2_ws/src/TechSimApi/build/computer_vision_functionality/build/lib/computer_vision_functionality
[0.766s] copying computer_vision_functionality/get_image_from_sim_node.py -> /home/senya/ros2_ws/src/TechSimApi/build/computer_vision_functionality/build/lib/computer_vision_functionality
[0.766s] copying computer_vision_functionality/aruco_marker_recognizer.py -> /home/senya/ros2_ws/src/TechSimApi/build/computer_vision_functionality/build/lib/computer_vision_functionality
[0.766s] copying computer_vision_functionality/recognition_setting.py -> /home/senya/ros2_ws/src/TechSimApi/build/computer_vision_functionality/build/lib/computer_vision_functionality
[0.766s] copying computer_vision_functionality/__init__.py -> /home/senya/ros2_ws/src/TechSimApi/build/computer_vision_functionality/build/lib/computer_vision_functionality
[0.767s] copying computer_vision_functionality/sim_driver.py -> /home/senya/ros2_ws/src/TechSimApi/build/computer_vision_functionality/build/lib/computer_vision_functionality
[0.767s] copying computer_vision_functionality/example.py -> /home/senya/ros2_ws/src/TechSimApi/build/computer_vision_functionality/build/lib/computer_vision_functionality
[0.767s] copying computer_vision_functionality/get_point_cloud_by_lidar_from_sim_node.py -> /home/senya/ros2_ws/src/TechSimApi/build/computer_vision_functionality/build/lib/computer_vision_functionality
[0.767s] copying computer_vision_functionality/teleop.py -> /home/senya/ros2_ws/src/TechSimApi/build/computer_vision_functionality/build/lib/computer_vision_functionality
[0.767s] creating /home/senya/ros2_ws/src/TechSimApi/build/computer_vision_functionality/build/lib/computer_vision_functionality/agrotechsimapi
[0.767s] copying computer_vision_functionality/agrotechsimapi/client.py -> /home/senya/ros2_ws/src/TechSimApi/build/computer_vision_functionality/build/lib/computer_vision_functionality/agrotechsimapi
[0.767s] copying computer_vision_functionality/agrotechsimapi/utils.py -> /home/senya/ros2_ws/src/TechSimApi/build/computer_vision_functionality/build/lib/computer_vision_functionality/agrotechsimapi
[0.767s] copying computer_vision_functionality/agrotechsimapi/types.py -> /home/senya/ros2_ws/src/TechSimApi/build/computer_vision_functionality/build/lib/computer_vision_functionality/agrotechsimapi
[0.768s] copying computer_vision_functionality/agrotechsimapi/__init__.py -> /home/senya/ros2_ws/src/TechSimApi/build/computer_vision_functionality/build/lib/computer_vision_functionality/agrotechsimapi
[0.768s] copying computer_vision_functionality/agrotechsimapi/pfm.py -> /home/senya/ros2_ws/src/TechSimApi/build/computer_vision_functionality/build/lib/computer_vision_functionality/agrotechsimapi
[0.768s] running install
[0.768s] running install_lib
[0.769s] creating /home/senya/ros2_ws/src/TechSimApi/install/computer_vision_functionality/lib/python3.10/site-packages/computer_vision_functionality
[0.769s] copying /home/senya/ros2_ws/src/TechSimApi/build/computer_vision_functionality/build/lib/computer_vision_functionality/get_imu_and_bar_data_node.py -> /home/senya/ros2_ws/src/TechSimApi/install/computer_vision_functionality/lib/python3.10/site-packages/computer_vision_functionality
[0.769s] creating /home/senya/ros2_ws/src/TechSimApi/install/computer_vision_functionality/lib/python3.10/site-packages/computer_vision_functionality/agrotechsimapi
[0.769s] copying /home/senya/ros2_ws/src/TechSimApi/build/computer_vision_functionality/build/lib/computer_vision_functionality/agrotechsimapi/client.py -> /home/senya/ros2_ws/src/TechSimApi/install/computer_vision_functionality/lib/python3.10/site-packages/computer_vision_functionality/agrotechsimapi
[0.769s] copying /home/senya/ros2_ws/src/TechSimApi/build/computer_vision_functionality/build/lib/computer_vision_functionality/agrotechsimapi/utils.py -> /home/senya/ros2_ws/src/TechSimApi/install/computer_vision_functionality/lib/python3.10/site-packages/computer_vision_functionality/agrotechsimapi
[0.769s] copying /home/senya/ros2_ws/src/TechSimApi/build/computer_vision_functionality/build/lib/computer_vision_functionality/agrotechsimapi/types.py -> /home/senya/ros2_ws/src/TechSimApi/install/computer_vision_functionality/lib/python3.10/site-packages/computer_vision_functionality/agrotechsimapi
[0.770s] copying /home/senya/ros2_ws/src/TechSimApi/build/computer_vision_functionality/build/lib/computer_vision_functionality/agrotechsimapi/__init__.py -> /home/senya/ros2_ws/src/TechSimApi/install/computer_vision_functionality/lib/python3.10/site-packages/computer_vision_functionality/agrotechsimapi
[0.770s] copying /home/senya/ros2_ws/src/TechSimApi/build/computer_vision_functionality/build/lib/computer_vision_functionality/agrotechsimapi/pfm.py -> /home/senya/ros2_ws/src/TechSimApi/install/computer_vision_functionality/lib/python3.10/site-packages/computer_vision_functionality/agrotechsimapi
[0.770s] copying /home/senya/ros2_ws/src/TechSimApi/build/computer_vision_functionality/build/lib/computer_vision_functionality/recognition_of_aruco_marker_node.py -> /home/senya/ros2_ws/src/TechSimApi/install/computer_vision_functionality/lib/python3.10/site-packages/computer_vision_functionality
[0.770s] copying /home/senya/ros2_ws/src/TechSimApi/build/computer_vision_functionality/build/lib/computer_vision_functionality/get_image_from_sim_node.py -> /home/senya/ros2_ws/src/TechSimApi/install/computer_vision_functionality/lib/python3.10/site-packages/computer_vision_functionality
[0.770s] copying /home/senya/ros2_ws/src/TechSimApi/build/computer_vision_functionality/build/lib/computer_vision_functionality/aruco_marker_recognizer.py -> /home/senya/ros2_ws/src/TechSimApi/install/computer_vision_functionality/lib/python3.10/site-packages/computer_vision_functionality
[0.770s] copying /home/senya/ros2_ws/src/TechSimApi/build/computer_vision_functionality/build/lib/computer_vision_functionality/recognition_setting.py -> /home/senya/ros2_ws/src/TechSimApi/install/computer_vision_functionality/lib/python3.10/site-packages/computer_vision_functionality
[0.770s] copying /home/senya/ros2_ws/src/TechSimApi/build/computer_vision_functionality/build/lib/computer_vision_functionality/__init__.py -> /home/senya/ros2_ws/src/TechSimApi/install/computer_vision_functionality/lib/python3.10/site-packages/computer_vision_functionality
[0.770s] copying /home/senya/ros2_ws/src/TechSimApi/build/computer_vision_functionality/build/lib/computer_vision_functionality/sim_driver.py -> /home/senya/ros2_ws/src/TechSimApi/install/computer_vision_functionality/lib/python3.10/site-packages/computer_vision_functionality
[0.770s] copying /home/senya/ros2_ws/src/TechSimApi/build/computer_vision_functionality/build/lib/computer_vision_functionality/example.py -> /home/senya/ros2_ws/src/TechSimApi/install/computer_vision_functionality/lib/python3.10/site-packages/computer_vision_functionality
[0.770s] copying /home/senya/ros2_ws/src/TechSimApi/build/computer_vision_functionality/build/lib/computer_vision_functionality/get_point_cloud_by_lidar_from_sim_node.py -> /home/senya/ros2_ws/src/TechSimApi/install/computer_vision_functionality/lib/python3.10/site-packages/computer_vision_functionality
[0.771s] copying /home/senya/ros2_ws/src/TechSimApi/build/computer_vision_functionality/build/lib/computer_vision_functionality/teleop.py -> /home/senya/ros2_ws/src/TechSimApi/install/computer_vision_functionality/lib/python3.10/site-packages/computer_vision_functionality
[0.771s] byte-compiling /home/senya/ros2_ws/src/TechSimApi/install/computer_vision_functionality/lib/python3.10/site-packages/computer_vision_functionality/get_imu_and_bar_data_node.py to get_imu_and_bar_data_node.cpython-310.pyc
[0.771s] byte-compiling /home/senya/ros2_ws/src/TechSimApi/install/computer_vision_functionality/lib/python3.10/site-packages/computer_vision_functionality/agrotechsimapi/client.py to client.cpython-310.pyc
[0.773s] byte-compiling /home/senya/ros2_ws/src/TechSimApi/install/computer_vision_functionality/lib/python3.10/site-packages/computer_vision_functionality/agrotechsimapi/utils.py to utils.cpython-310.pyc
[0.774s] byte-compiling /home/senya/ros2_ws/src/TechSimApi/install/computer_vision_functionality/lib/python3.10/site-packages/computer_vision_functionality/agrotechsimapi/types.py to types.cpython-310.pyc
[0.776s] byte-compiling /home/senya/ros2_ws/src/TechSimApi/install/computer_vision_functionality/lib/python3.10/site-packages/computer_vision_functionality/agrotechsimapi/__init__.py to __init__.cpython-310.pyc
[0.776s] byte-compiling /home/senya/ros2_ws/src/TechSimApi/install/computer_vision_functionality/lib/python3.10/site-packages/computer_vision_functionality/agrotechsimapi/pfm.py to pfm.cpython-310.pyc
[0.777s] byte-compiling /home/senya/ros2_ws/src/TechSimApi/install/computer_vision_functionality/lib/python3.10/site-packages/computer_vision_functionality/recognition_of_aruco_marker_node.py to recognition_of_aruco_marker_node.cpython-310.pyc
[0.777s] byte-compiling /home/senya/ros2_ws/src/TechSimApi/install/computer_vision_functionality/lib/python3.10/site-packages/computer_vision_functionality/get_image_from_sim_node.py to get_image_from_sim_node.cpython-310.pyc
[0.778s] byte-compiling /home/senya/ros2_ws/src/TechSimApi/install/computer_vision_functionality/lib/python3.10/site-packages/computer_vision_functionality/aruco_marker_recognizer.py to aruco_marker_recognizer.cpython-310.pyc
[0.778s] byte-compiling /home/senya/ros2_ws/src/TechSimApi/install/computer_vision_functionality/lib/python3.10/site-packages/computer_vision_functionality/recognition_setting.py to recognition_setting.cpython-310.pyc
[0.779s] byte-compiling /home/senya/ros2_ws/src/TechSimApi/install/computer_vision_functionality/lib/python3.10/site-packages/computer_vision_functionality/__init__.py to __init__.cpython-310.pyc
[0.779s] byte-compiling /home/senya/ros2_ws/src/TechSimApi/install/computer_vision_functionality/lib/python3.10/site-packages/computer_vision_functionality/sim_driver.py to sim_driver.cpython-310.pyc
[0.779s] byte-compiling /home/senya/ros2_ws/src/TechSimApi/install/computer_vision_functionality/lib/python3.10/site-packages/computer_vision_functionality/example.py to example.cpython-310.pyc
[0.780s] byte-compiling /home/senya/ros2_ws/src/TechSimApi/install/computer_vision_functionality/lib/python3.10/site-packages/computer_vision_functionality/get_point_cloud_by_lidar_from_sim_node.py to get_point_cloud_by_lidar_from_sim_node.cpython-310.pyc
[0.780s] byte-compiling /home/senya/ros2_ws/src/TechSimApi/install/computer_vision_functionality/lib/python3.10/site-packages/computer_vision_functionality/teleop.py to teleop.cpython-310.pyc
[0.781s] running install_data
[0.781s] creating /home/senya/ros2_ws/src/TechSimApi/install/computer_vision_functionality/share/ament_index
[0.781s] creating /home/senya/ros2_ws/src/TechSimApi/install/computer_vision_functionality/share/ament_index/resource_index
[0.781s] creating /home/senya/ros2_ws/src/TechSimApi/install/computer_vision_functionality/share/ament_index/resource_index/packages
[0.781s] copying resource/computer_vision_functionality -> /home/senya/ros2_ws/src/TechSimApi/install/computer_vision_functionality/share/ament_index/resource_index/packages
[0.782s] copying package.xml -> /home/senya/ros2_ws/src/TechSimApi/install/computer_vision_functionality/share/computer_vision_functionality
[0.782s] copying launch/driver.launch.py -> /home/senya/ros2_ws/src/TechSimApi/install/computer_vision_functionality/share/computer_vision_functionality
[0.782s] running install_egg_info
[0.783s] Copying build/computer_vision_functionality/computer_vision_functionality.egg-info to /home/senya/ros2_ws/src/TechSimApi/install/computer_vision_functionality/lib/python3.10/site-packages/computer_vision_functionality-0.0.0-py3.10.egg-info
[0.784s] running install_scripts
[0.797s] Installing example script to /home/senya/ros2_ws/src/TechSimApi/install/computer_vision_functionality/lib/computer_vision_functionality
[0.798s] Installing get_image_from_airsim_node script to /home/senya/ros2_ws/src/TechSimApi/install/computer_vision_functionality/lib/computer_vision_functionality
[0.798s] Installing get_imu_and_bar_data_node script to /home/senya/ros2_ws/src/TechSimApi/install/computer_vision_functionality/lib/computer_vision_functionality
[0.798s] Installing read_lidar_point_cloud_node script to /home/senya/ros2_ws/src/TechSimApi/install/computer_vision_functionality/lib/computer_vision_functionality
[0.798s] Installing recognition_of_aruco_marker_node script to /home/senya/ros2_ws/src/TechSimApi/install/computer_vision_functionality/lib/computer_vision_functionality
[0.798s] Installing sim_driver_node script to /home/senya/ros2_ws/src/TechSimApi/install/computer_vision_functionality/lib/computer_vision_functionality
[0.798s] Installing teleop_node script to /home/senya/ros2_ws/src/TechSimApi/install/computer_vision_functionality/lib/computer_vision_functionality
[0.798s] writing list of installed files to '/home/senya/ros2_ws/src/TechSimApi/build/computer_vision_functionality/install.log'
[0.821s] Invoked command in '/home/senya/ros2_ws/src/TechSimApi' returned '0': PYTHONPATH=/home/senya/ros2_ws/src/TechSimApi/build/computer_vision_functionality/prefix_override:/home/senya/ros2_ws/src/TechSimApi/install/computer_vision_functionality/lib/python3.10/site-packages:${PYTHONPATH} WSLENV=ELECTRON_RUN_AS_NODE/w:WT_SESSION:WT_PROFILE_ID: /usr/bin/python3 setup.py egg_info --egg-base build/computer_vision_functionality build --build-base /home/senya/ros2_ws/src/TechSimApi/build/computer_vision_functionality/build install --record /home/senya/ros2_ws/src/TechSimApi/build/computer_vision_functionality/install.log --single-version-externally-managed
