/home/user/ros2_ws/src/TechSimApi/install/computer_vision_functionality/lib/python3.10/site-packages/computer_vision_functionality/example.py
/home/user/ros2_ws/src/TechSimApi/install/computer_vision_functionality/lib/python3.10/site-packages/computer_vision_functionality/get_point_cloud_by_lidar_from_sim_node.py
/home/user/ros2_ws/src/TechSimApi/install/computer_vision_functionality/lib/python3.10/site-packages/computer_vision_functionality/aruco_marker_recognizer.py
/home/user/ros2_ws/src/TechSimApi/install/computer_vision_functionality/lib/python3.10/site-packages/computer_vision_functionality/get_imu_and_bar_data_node.py
/home/user/ros2_ws/src/TechSimApi/install/computer_vision_functionality/lib/python3.10/site-packages/computer_vision_functionality/recognition_of_aruco_marker_node.py
/home/user/ros2_ws/src/TechSimApi/install/computer_vision_functionality/lib/python3.10/site-packages/computer_vision_functionality/get_image_from_sim_node.py
/home/user/ros2_ws/src/TechSimApi/install/computer_vision_functionality/lib/python3.10/site-packages/computer_vision_functionality/__init__.py
/home/user/ros2_ws/src/TechSimApi/install/computer_vision_functionality/lib/python3.10/site-packages/computer_vision_functionality/recognition_setting.py
/home/user/ros2_ws/src/TechSimApi/install/computer_vision_functionality/lib/python3.10/site-packages/computer_vision_functionality/teleop.py
/home/user/ros2_ws/src/TechSimApi/install/computer_vision_functionality/lib/python3.10/site-packages/computer_vision_functionality/sim_driver.py
/home/user/ros2_ws/src/TechSimApi/install/computer_vision_functionality/lib/python3.10/site-packages/computer_vision_functionality/agrotechsimapi/pfm.py
/home/user/ros2_ws/src/TechSimApi/install/computer_vision_functionality/lib/python3.10/site-packages/computer_vision_functionality/agrotechsimapi/__init__.py
/home/user/ros2_ws/src/TechSimApi/install/computer_vision_functionality/lib/python3.10/site-packages/computer_vision_functionality/agrotechsimapi/utils.py
/home/user/ros2_ws/src/TechSimApi/install/computer_vision_functionality/lib/python3.10/site-packages/computer_vision_functionality/agrotechsimapi/client.py
/home/user/ros2_ws/src/TechSimApi/install/computer_vision_functionality/lib/python3.10/site-packages/computer_vision_functionality/agrotechsimapi/types.py
/home/user/ros2_ws/src/TechSimApi/install/computer_vision_functionality/lib/python3.10/site-packages/computer_vision_functionality/__pycache__/example.cpython-310.pyc
/home/user/ros2_ws/src/TechSimApi/install/computer_vision_functionality/lib/python3.10/site-packages/computer_vision_functionality/__pycache__/get_point_cloud_by_lidar_from_sim_node.cpython-310.pyc
/home/user/ros2_ws/src/TechSimApi/install/computer_vision_functionality/lib/python3.10/site-packages/computer_vision_functionality/__pycache__/aruco_marker_recognizer.cpython-310.pyc
/home/user/ros2_ws/src/TechSimApi/install/computer_vision_functionality/lib/python3.10/site-packages/computer_vision_functionality/__pycache__/get_imu_and_bar_data_node.cpython-310.pyc
/home/user/ros2_ws/src/TechSimApi/install/computer_vision_functionality/lib/python3.10/site-packages/computer_vision_functionality/__pycache__/recognition_of_aruco_marker_node.cpython-310.pyc
/home/user/ros2_ws/src/TechSimApi/install/computer_vision_functionality/lib/python3.10/site-packages/computer_vision_functionality/__pycache__/get_image_from_sim_node.cpython-310.pyc
/home/user/ros2_ws/src/TechSimApi/install/computer_vision_functionality/lib/python3.10/site-packages/computer_vision_functionality/__pycache__/__init__.cpython-310.pyc
/home/user/ros2_ws/src/TechSimApi/install/computer_vision_functionality/lib/python3.10/site-packages/computer_vision_functionality/__pycache__/recognition_setting.cpython-310.pyc
/home/user/ros2_ws/src/TechSimApi/install/computer_vision_functionality/lib/python3.10/site-packages/computer_vision_functionality/__pycache__/teleop.cpython-310.pyc
/home/user/ros2_ws/src/TechSimApi/install/computer_vision_functionality/lib/python3.10/site-packages/computer_vision_functionality/__pycache__/sim_driver.cpython-310.pyc
/home/user/ros2_ws/src/TechSimApi/install/computer_vision_functionality/lib/python3.10/site-packages/computer_vision_functionality/agrotechsimapi/__pycache__/pfm.cpython-310.pyc
/home/user/ros2_ws/src/TechSimApi/install/computer_vision_functionality/lib/python3.10/site-packages/computer_vision_functionality/agrotechsimapi/__pycache__/__init__.cpython-310.pyc
/home/user/ros2_ws/src/TechSimApi/install/computer_vision_functionality/lib/python3.10/site-packages/computer_vision_functionality/agrotechsimapi/__pycache__/utils.cpython-310.pyc
/home/user/ros2_ws/src/TechSimApi/install/computer_vision_functionality/lib/python3.10/site-packages/computer_vision_functionality/agrotechsimapi/__pycache__/client.cpython-310.pyc
/home/user/ros2_ws/src/TechSimApi/install/computer_vision_functionality/lib/python3.10/site-packages/computer_vision_functionality/agrotechsimapi/__pycache__/types.cpython-310.pyc
/home/user/ros2_ws/src/TechSimApi/install/computer_vision_functionality/share/ament_index/resource_index/packages/computer_vision_functionality
/home/user/ros2_ws/src/TechSimApi/install/computer_vision_functionality/share/computer_vision_functionality/package.xml
/home/user/ros2_ws/src/TechSimApi/install/computer_vision_functionality/share/computer_vision_functionality/driver.launch.py
/home/user/ros2_ws/src/TechSimApi/install/computer_vision_functionality/lib/python3.10/site-packages/computer_vision_functionality-0.0.0-py3.10.egg-info/dependency_links.txt
/home/user/ros2_ws/src/TechSimApi/install/computer_vision_functionality/lib/python3.10/site-packages/computer_vision_functionality-0.0.0-py3.10.egg-info/entry_points.txt
/home/user/ros2_ws/src/TechSimApi/install/computer_vision_functionality/lib/python3.10/site-packages/computer_vision_functionality-0.0.0-py3.10.egg-info/requires.txt
/home/user/ros2_ws/src/TechSimApi/install/computer_vision_functionality/lib/python3.10/site-packages/computer_vision_functionality-0.0.0-py3.10.egg-info/top_level.txt
/home/user/ros2_ws/src/TechSimApi/install/computer_vision_functionality/lib/python3.10/site-packages/computer_vision_functionality-0.0.0-py3.10.egg-info/zip-safe
/home/user/ros2_ws/src/TechSimApi/install/computer_vision_functionality/lib/python3.10/site-packages/computer_vision_functionality-0.0.0-py3.10.egg-info/PKG-INFO
/home/user/ros2_ws/src/TechSimApi/install/computer_vision_functionality/lib/python3.10/site-packages/computer_vision_functionality-0.0.0-py3.10.egg-info/SOURCES.txt
/home/user/ros2_ws/src/TechSimApi/install/computer_vision_functionality/lib/computer_vision_functionality/example
/home/user/ros2_ws/src/TechSimApi/install/computer_vision_functionality/lib/computer_vision_functionality/get_image_from_sim_node
/home/user/ros2_ws/src/TechSimApi/install/computer_vision_functionality/lib/computer_vision_functionality/get_imu_and_bar_data_node
/home/user/ros2_ws/src/TechSimApi/install/computer_vision_functionality/lib/computer_vision_functionality/read_lidar_point_cloud_node
/home/user/ros2_ws/src/TechSimApi/install/computer_vision_functionality/lib/computer_vision_functionality/recognition_of_aruco_marker_node
/home/user/ros2_ws/src/TechSimApi/install/computer_vision_functionality/lib/computer_vision_functionality/sim_driver_node
/home/user/ros2_ws/src/TechSimApi/install/computer_vision_functionality/lib/computer_vision_functionality/teleop_node
