[0.645s] Invoking command in '/home/user/ros2_ws/src/TechSimApiROS': PYTHONPATH=/home/user/ros2_ws/src/TechSimApiROS/build/computer_vision_functionality/prefix_override:/usr/lib/python3/dist-packages/colcon_core/task/python/colcon_distutils_commands:/home/user/ros2_ws/src/TechSimApiROS/install/computer_vision_functionality/lib/python3.10/site-packages:${PYTHONPATH} /usr/bin/python3 -W ignore:setup.py install is deprecated setup.py egg_info --egg-base build/computer_vision_functionality build --build-base /home/user/ros2_ws/src/TechSimApiROS/build/computer_vision_functionality/build install --record /home/user/ros2_ws/src/TechSimApiROS/build/computer_vision_functionality/install.log --single-version-externally-managed install_data
[1.074s] running egg_info
[1.074s] writing build/computer_vision_functionality/computer_vision_functionality.egg-info/PKG-INFO
[1.076s] writing dependency_links to build/computer_vision_functionality/computer_vision_functionality.egg-info/dependency_links.txt
[1.076s] writing entry points to build/computer_vision_functionality/computer_vision_functionality.egg-info/entry_points.txt
[1.076s] writing requirements to build/computer_vision_functionality/computer_vision_functionality.egg-info/requires.txt
[1.077s] writing top-level names to build/computer_vision_functionality/computer_vision_functionality.egg-info/top_level.txt
[1.079s] reading manifest file 'build/computer_vision_functionality/computer_vision_functionality.egg-info/SOURCES.txt'
[1.080s] writing manifest file 'build/computer_vision_functionality/computer_vision_functionality.egg-info/SOURCES.txt'
[1.081s] running build
[1.081s] running build_py
[1.081s] copying computer_vision_functionality/get_image_from_sim_node.py -> /home/user/ros2_ws/src/TechSimApiROS/build/computer_vision_functionality/build/lib/computer_vision_functionality
[1.082s] copying computer_vision_functionality/teleop.py -> /home/user/ros2_ws/src/TechSimApiROS/build/computer_vision_functionality/build/lib/computer_vision_functionality
[1.083s] running install
[1.083s] running install_lib
[1.085s] copying /home/user/ros2_ws/src/TechSimApiROS/build/computer_vision_functionality/build/lib/computer_vision_functionality/get_image_from_sim_node.py -> /home/user/ros2_ws/src/TechSimApiROS/install/computer_vision_functionality/lib/python3.10/site-packages/computer_vision_functionality
[1.085s] copying /home/user/ros2_ws/src/TechSimApiROS/build/computer_vision_functionality/build/lib/computer_vision_functionality/teleop.py -> /home/user/ros2_ws/src/TechSimApiROS/install/computer_vision_functionality/lib/python3.10/site-packages/computer_vision_functionality
[1.087s] byte-compiling /home/user/ros2_ws/src/TechSimApiROS/install/computer_vision_functionality/lib/python3.10/site-packages/computer_vision_functionality/example.py to example.cpython-310.pyc
[1.089s] byte-compiling /home/user/ros2_ws/src/TechSimApiROS/install/computer_vision_functionality/lib/python3.10/site-packages/computer_vision_functionality/get_point_cloud_by_lidar_from_sim_node.py to get_point_cloud_by_lidar_from_sim_node.cpython-310.pyc
[1.090s] byte-compiling /home/user/ros2_ws/src/TechSimApiROS/install/computer_vision_functionality/lib/python3.10/site-packages/computer_vision_functionality/aruco_marker_recognizer.py to aruco_marker_recognizer.cpython-310.pyc
[1.091s] byte-compiling /home/user/ros2_ws/src/TechSimApiROS/install/computer_vision_functionality/lib/python3.10/site-packages/computer_vision_functionality/get_imu_and_bar_data_node.py to get_imu_and_bar_data_node.cpython-310.pyc
[1.092s] byte-compiling /home/user/ros2_ws/src/TechSimApiROS/install/computer_vision_functionality/lib/python3.10/site-packages/computer_vision_functionality/recognition_of_aruco_marker_node.py to recognition_of_aruco_marker_node.cpython-310.pyc
[1.093s] byte-compiling /home/user/ros2_ws/src/TechSimApiROS/install/computer_vision_functionality/lib/python3.10/site-packages/computer_vision_functionality/get_image_from_sim_node.py to get_image_from_sim_node.cpython-310.pyc
[1.093s] byte-compiling /home/user/ros2_ws/src/TechSimApiROS/install/computer_vision_functionality/lib/python3.10/site-packages/computer_vision_functionality/__init__.py to __init__.cpython-310.pyc
[1.094s] byte-compiling /home/user/ros2_ws/src/TechSimApiROS/install/computer_vision_functionality/lib/python3.10/site-packages/computer_vision_functionality/recognition_setting.py to recognition_setting.cpython-310.pyc
[1.094s] byte-compiling /home/user/ros2_ws/src/TechSimApiROS/install/computer_vision_functionality/lib/python3.10/site-packages/computer_vision_functionality/teleop.py to teleop.cpython-310.pyc
[1.096s] byte-compiling /home/user/ros2_ws/src/TechSimApiROS/install/computer_vision_functionality/lib/python3.10/site-packages/computer_vision_functionality/agrotechsimapi/pfm.py to pfm.cpython-310.pyc
[1.097s] byte-compiling /home/user/ros2_ws/src/TechSimApiROS/install/computer_vision_functionality/lib/python3.10/site-packages/computer_vision_functionality/agrotechsimapi/__init__.py to __init__.cpython-310.pyc
[1.098s] byte-compiling /home/user/ros2_ws/src/TechSimApiROS/install/computer_vision_functionality/lib/python3.10/site-packages/computer_vision_functionality/agrotechsimapi/utils.py to utils.cpython-310.pyc
[1.099s] byte-compiling /home/user/ros2_ws/src/TechSimApiROS/install/computer_vision_functionality/lib/python3.10/site-packages/computer_vision_functionality/agrotechsimapi/client.py to client.cpython-310.pyc
[1.101s] byte-compiling /home/user/ros2_ws/src/TechSimApiROS/install/computer_vision_functionality/lib/python3.10/site-packages/computer_vision_functionality/agrotechsimapi/types.py to types.cpython-310.pyc
[1.105s] byte-compiling /home/user/ros2_ws/src/TechSimApiROS/install/computer_vision_functionality/lib/python3.10/site-packages/computer_vision_functionality/sim_driver.py to sim_driver.cpython-310.pyc
[1.106s] running install_data
[1.106s] copying package.xml -> /home/user/ros2_ws/src/TechSimApiROS/install/computer_vision_functionality/share/computer_vision_functionality
[1.107s] running install_egg_info
[1.109s] removing '/home/user/ros2_ws/src/TechSimApiROS/install/computer_vision_functionality/lib/python3.10/site-packages/computer_vision_functionality-0.0.0-py3.10.egg-info' (and everything under it)
[1.110s] Copying build/computer_vision_functionality/computer_vision_functionality.egg-info to /home/user/ros2_ws/src/TechSimApiROS/install/computer_vision_functionality/lib/python3.10/site-packages/computer_vision_functionality-0.0.0-py3.10.egg-info
[1.111s] running install_scripts
[1.136s] Installing get_image_from_sim_node script to /home/user/ros2_ws/src/TechSimApiROS/install/computer_vision_functionality/lib/computer_vision_functionality
[1.137s] Installing read_lidar_point_cloud_node script to /home/user/ros2_ws/src/TechSimApiROS/install/computer_vision_functionality/lib/computer_vision_functionality
[1.137s] Installing recognition_of_aruco_marker_node script to /home/user/ros2_ws/src/TechSimApiROS/install/computer_vision_functionality/lib/computer_vision_functionality
[1.137s] Installing sim_driver_node script to /home/user/ros2_ws/src/TechSimApiROS/install/computer_vision_functionality/lib/computer_vision_functionality
[1.137s] Installing teleop_node script to /home/user/ros2_ws/src/TechSimApiROS/install/computer_vision_functionality/lib/computer_vision_functionality
[1.137s] writing list of installed files to '/home/user/ros2_ws/src/TechSimApiROS/build/computer_vision_functionality/install.log'
[1.161s] Invoked command in '/home/user/ros2_ws/src/TechSimApiROS' returned '0': PYTHONPATH=/home/user/ros2_ws/src/TechSimApiROS/build/computer_vision_functionality/prefix_override:/usr/lib/python3/dist-packages/colcon_core/task/python/colcon_distutils_commands:/home/user/ros2_ws/src/TechSimApiROS/install/computer_vision_functionality/lib/python3.10/site-packages:${PYTHONPATH} /usr/bin/python3 -W ignore:setup.py install is deprecated setup.py egg_info --egg-base build/computer_vision_functionality build --build-base /home/user/ros2_ws/src/TechSimApiROS/build/computer_vision_functionality/build install --record /home/user/ros2_ws/src/TechSimApiROS/build/computer_vision_functionality/install.log --single-version-externally-managed install_data
