[0.250s] DEBUG:colcon:Command line arguments: ['/usr/bin/colcon', 'build']
[0.250s] DEBUG:colcon:Parsed command line arguments: Namespace(log_base=None, log_level=None, verb_name='build', build_base='build', install_base='install', merge_install=False, symlink_install=False, test_result_base=None, continue_on_error=False, executor='parallel', parallel_workers=16, event_handlers=None, ignore_user_meta=False, metas=['./colcon.meta'], base_paths=['.'], packages_ignore=None, packages_ignore_regex=None, paths=None, packages_up_to=None, packages_up_to_regex=None, packages_above=None, packages_above_and_dependencies=None, packages_above_depth=None, packages_select_by_dep=None, packages_skip_by_dep=None, packages_skip_up_to=None, packages_select_build_failed=False, packages_skip_build_finished=False, packages_select_test_failures=False, packages_skip_test_passed=False, packages_select=None, packages_skip=None, packages_select_regex=None, packages_skip_regex=None, packages_start=None, packages_end=None, allow_overriding=[], cmake_args=None, cmake_target=None, cmake_target_skip_unavailable=False, cmake_clean_cache=False, cmake_clean_first=False, cmake_force_configure=False, ament_cmake_args=None, catkin_cmake_args=None, catkin_skip_building_tests=False, verb_parser=<colcon_defaults.argument_parser.defaults.DefaultArgumentsDecorator object at 0x7f89238c73d0>, verb_extension=<colcon_core.verb.build.BuildVerb object at 0x7f89238c6ec0>, main=<bound method BuildVerb.main of <colcon_core.verb.build.BuildVerb object at 0x7f89238c6ec0>>)
[0.494s] Level 1:colcon.colcon_core.package_discovery:discover_packages(colcon_meta) check parameters
[0.494s] Level 1:colcon.colcon_core.package_discovery:discover_packages(recursive) check parameters
[0.494s] Level 1:colcon.colcon_core.package_discovery:discover_packages(ignore) check parameters
[0.494s] Level 1:colcon.colcon_core.package_discovery:discover_packages(path) check parameters
[0.494s] Level 1:colcon.colcon_core.package_discovery:discover_packages(colcon_meta) discover
[0.494s] Level 1:colcon.colcon_core.package_discovery:discover_packages(recursive) discover
[0.494s] INFO:colcon.colcon_core.package_discovery:Crawling recursively for packages in '/home/user/ros2_ws/src/TechSimApi'
[0.495s] Level 1:colcon.colcon_core.package_identification:_identify(.) by extensions ['ignore', 'ignore_ament_install']
[0.495s] Level 1:colcon.colcon_core.package_identification:_identify(.) by extension 'ignore'
[0.495s] Level 1:colcon.colcon_core.package_identification:_identify(.) by extension 'ignore_ament_install'
[0.495s] Level 1:colcon.colcon_core.package_identification:_identify(.) by extensions ['colcon_pkg']
[0.495s] Level 1:colcon.colcon_core.package_identification:_identify(.) by extension 'colcon_pkg'
[0.495s] Level 1:colcon.colcon_core.package_identification:_identify(.) by extensions ['colcon_meta']
[0.495s] Level 1:colcon.colcon_core.package_identification:_identify(.) by extension 'colcon_meta'
[0.495s] Level 1:colcon.colcon_core.package_identification:_identify(.) by extensions ['ros']
[0.495s] Level 1:colcon.colcon_core.package_identification:_identify(.) by extension 'ros'
[0.511s] DEBUG:colcon.colcon_core.package_identification:Package '.' with type 'ros.ament_python' and name 'computer_vision_functionality'
[0.511s] Level 1:colcon.colcon_core.package_discovery:discover_packages(recursive) using defaults
[0.511s] Level 1:colcon.colcon_core.package_discovery:discover_packages(ignore) discover
[0.511s] Level 1:colcon.colcon_core.package_discovery:discover_packages(ignore) using defaults
[0.511s] Level 1:colcon.colcon_core.package_discovery:discover_packages(path) discover
[0.511s] Level 1:colcon.colcon_core.package_discovery:discover_packages(path) using defaults
[0.538s] Level 1:colcon.colcon_core.package_discovery:discover_packages(prefix_path) check parameters
[0.538s] Level 1:colcon.colcon_core.package_discovery:discover_packages(prefix_path) discover
[0.541s] DEBUG:colcon.colcon_installed_package_information.package_discovery:Found 0 installed packages in /home/user/ros2_ws/install
[0.542s] DEBUG:colcon.colcon_installed_package_information.package_discovery:Found 270 installed packages in /opt/ros/humble
[0.543s] Level 1:colcon.colcon_core.package_discovery:discover_packages(prefix_path) using defaults
[0.628s] Level 5:colcon.colcon_core.verb:set package 'computer_vision_functionality' build argument 'cmake_args' from command line to 'None'
[0.628s] Level 5:colcon.colcon_core.verb:set package 'computer_vision_functionality' build argument 'cmake_target' from command line to 'None'
[0.628s] Level 5:colcon.colcon_core.verb:set package 'computer_vision_functionality' build argument 'cmake_target_skip_unavailable' from command line to 'False'
[0.628s] Level 5:colcon.colcon_core.verb:set package 'computer_vision_functionality' build argument 'cmake_clean_cache' from command line to 'False'
[0.628s] Level 5:colcon.colcon_core.verb:set package 'computer_vision_functionality' build argument 'cmake_clean_first' from command line to 'False'
[0.628s] Level 5:colcon.colcon_core.verb:set package 'computer_vision_functionality' build argument 'cmake_force_configure' from command line to 'False'
[0.628s] Level 5:colcon.colcon_core.verb:set package 'computer_vision_functionality' build argument 'ament_cmake_args' from command line to 'None'
[0.628s] Level 5:colcon.colcon_core.verb:set package 'computer_vision_functionality' build argument 'catkin_cmake_args' from command line to 'None'
[0.628s] Level 5:colcon.colcon_core.verb:set package 'computer_vision_functionality' build argument 'catkin_skip_building_tests' from command line to 'False'
[0.628s] DEBUG:colcon.colcon_core.verb:Building package 'computer_vision_functionality' with the following arguments: {'ament_cmake_args': None, 'build_base': '/home/user/ros2_ws/src/TechSimApi/build/computer_vision_functionality', 'catkin_cmake_args': None, 'catkin_skip_building_tests': False, 'cmake_args': None, 'cmake_clean_cache': False, 'cmake_clean_first': False, 'cmake_force_configure': False, 'cmake_target': None, 'cmake_target_skip_unavailable': False, 'install_base': '/home/user/ros2_ws/src/TechSimApi/install/computer_vision_functionality', 'merge_install': False, 'path': '/home/user/ros2_ws/src/TechSimApi', 'symlink_install': False, 'test_result_base': None}
[0.628s] INFO:colcon.colcon_core.executor:Executing jobs using 'parallel' executor
[0.629s] DEBUG:colcon.colcon_parallel_executor.executor.parallel:run_until_complete
[0.630s] INFO:colcon.colcon_ros.task.ament_python.build:Building ROS package in '/home/user/ros2_ws/src/TechSimApi' with build type 'ament_python'
[0.630s] Level 1:colcon.colcon_core.shell:create_environment_hook('computer_vision_functionality', 'ament_prefix_path')
[0.635s] INFO:colcon.colcon_core.plugin_system:Skipping extension 'colcon_core.shell.bat': Not used on non-Windows systems
[0.635s] INFO:colcon.colcon_core.shell:Creating environment hook '/home/user/ros2_ws/src/TechSimApi/install/computer_vision_functionality/share/computer_vision_functionality/hook/ament_prefix_path.ps1'
[0.637s] INFO:colcon.colcon_core.shell:Creating environment descriptor '/home/user/ros2_ws/src/TechSimApi/install/computer_vision_functionality/share/computer_vision_functionality/hook/ament_prefix_path.dsv'
[0.638s] INFO:colcon.colcon_core.shell:Creating environment hook '/home/user/ros2_ws/src/TechSimApi/install/computer_vision_functionality/share/computer_vision_functionality/hook/ament_prefix_path.sh'
[0.639s] INFO:colcon.colcon_core.shell:Skip shell extension 'powershell' for command environment: Not usable outside of PowerShell
[0.639s] DEBUG:colcon.colcon_core.shell:Skip shell extension 'dsv' for command environment
[0.820s] INFO:colcon.colcon_core.task.python.build:Building Python package in '/home/user/ros2_ws/src/TechSimApi'
[0.820s] INFO:colcon.colcon_core.shell:Skip shell extension 'powershell' for command environment: Not usable outside of PowerShell
[0.820s] DEBUG:colcon.colcon_core.shell:Skip shell extension 'dsv' for command environment
[1.092s] DEBUG:colcon.colcon_core.event_handler.log_command:Invoking command in '/home/user/ros2_ws/src/TechSimApi': PYTHONPATH=/home/user/ros2_ws/src/TechSimApi/build/computer_vision_functionality/prefix_override:/usr/lib/python3/dist-packages/colcon_core/task/python/colcon_distutils_commands:/home/user/ros2_ws/src/TechSimApi/install/computer_vision_functionality/lib/python3.10/site-packages:${PYTHONPATH} /usr/bin/python3 -W ignore:setup.py install is deprecated setup.py egg_info --egg-base build/computer_vision_functionality build --build-base /home/user/ros2_ws/src/TechSimApi/build/computer_vision_functionality/build install --record /home/user/ros2_ws/src/TechSimApi/build/computer_vision_functionality/install.log --single-version-externally-managed install_data
[1.310s] DEBUG:colcon.colcon_core.event_handler.log_command:Invoked command in '/home/user/ros2_ws/src/TechSimApi' returned '0': PYTHONPATH=/home/user/ros2_ws/src/TechSimApi/build/computer_vision_functionality/prefix_override:/usr/lib/python3/dist-packages/colcon_core/task/python/colcon_distutils_commands:/home/user/ros2_ws/src/TechSimApi/install/computer_vision_functionality/lib/python3.10/site-packages:${PYTHONPATH} /usr/bin/python3 -W ignore:setup.py install is deprecated setup.py egg_info --egg-base build/computer_vision_functionality build --build-base /home/user/ros2_ws/src/TechSimApi/build/computer_vision_functionality/build install --record /home/user/ros2_ws/src/TechSimApi/build/computer_vision_functionality/install.log --single-version-externally-managed install_data
[1.315s] Level 1:colcon.colcon_core.environment:checking '/home/user/ros2_ws/src/TechSimApi/install/computer_vision_functionality' for CMake module files
[1.315s] Level 1:colcon.colcon_core.environment:checking '/home/user/ros2_ws/src/TechSimApi/install/computer_vision_functionality' for CMake config files
[1.316s] Level 1:colcon.colcon_core.environment:checking '/home/user/ros2_ws/src/TechSimApi/install/computer_vision_functionality/lib'
[1.316s] Level 1:colcon.colcon_core.environment:checking '/home/user/ros2_ws/src/TechSimApi/install/computer_vision_functionality/bin'
[1.316s] Level 1:colcon.colcon_core.environment:checking '/home/user/ros2_ws/src/TechSimApi/install/computer_vision_functionality/lib/pkgconfig/computer_vision_functionality.pc'
[1.316s] Level 1:colcon.colcon_core.environment:checking '/home/user/ros2_ws/src/TechSimApi/install/computer_vision_functionality/lib/python3.10/site-packages'
[1.316s] Level 1:colcon.colcon_core.shell:create_environment_hook('computer_vision_functionality', 'pythonpath')
[1.317s] INFO:colcon.colcon_core.shell:Creating environment hook '/home/user/ros2_ws/src/TechSimApi/install/computer_vision_functionality/share/computer_vision_functionality/hook/pythonpath.ps1'
[1.317s] INFO:colcon.colcon_core.shell:Creating environment descriptor '/home/user/ros2_ws/src/TechSimApi/install/computer_vision_functionality/share/computer_vision_functionality/hook/pythonpath.dsv'
[1.317s] INFO:colcon.colcon_core.shell:Creating environment hook '/home/user/ros2_ws/src/TechSimApi/install/computer_vision_functionality/share/computer_vision_functionality/hook/pythonpath.sh'
[1.317s] Level 1:colcon.colcon_core.environment:checking '/home/user/ros2_ws/src/TechSimApi/install/computer_vision_functionality/bin'
[1.317s] Level 1:colcon.colcon_core.environment:create_environment_scripts_only(computer_vision_functionality)
[1.318s] INFO:colcon.colcon_core.shell:Creating package script '/home/user/ros2_ws/src/TechSimApi/install/computer_vision_functionality/share/computer_vision_functionality/package.ps1'
[1.318s] INFO:colcon.colcon_core.shell:Creating package descriptor '/home/user/ros2_ws/src/TechSimApi/install/computer_vision_functionality/share/computer_vision_functionality/package.dsv'
[1.319s] INFO:colcon.colcon_core.shell:Creating package script '/home/user/ros2_ws/src/TechSimApi/install/computer_vision_functionality/share/computer_vision_functionality/package.sh'
[1.320s] INFO:colcon.colcon_core.shell:Creating package script '/home/user/ros2_ws/src/TechSimApi/install/computer_vision_functionality/share/computer_vision_functionality/package.bash'
[1.320s] INFO:colcon.colcon_core.shell:Creating package script '/home/user/ros2_ws/src/TechSimApi/install/computer_vision_functionality/share/computer_vision_functionality/package.zsh'
[1.321s] Level 1:colcon.colcon_core.environment:create_file_with_runtime_dependencies(/home/user/ros2_ws/src/TechSimApi/install/computer_vision_functionality/share/colcon-core/packages/computer_vision_functionality)
[1.322s] DEBUG:colcon.colcon_parallel_executor.executor.parallel:closing loop
[1.322s] DEBUG:colcon.colcon_parallel_executor.executor.parallel:loop closed
[1.322s] DEBUG:colcon.colcon_parallel_executor.executor.parallel:run_until_complete finished with '0'
[1.322s] DEBUG:colcon.colcon_core.event_reactor:joining thread
[1.365s] INFO:colcon.colcon_core.plugin_system:Skipping extension 'colcon_notification.desktop_notification.notify_send': Could not find 'notify-send'
[1.365s] INFO:colcon.colcon_core.plugin_system:Skipping extension 'colcon_notification.desktop_notification.terminal_notifier': Not used on non-Darwin systems
[1.365s] INFO:colcon.colcon_core.plugin_system:Skipping extension 'colcon_notification.desktop_notification.win32': Not used on non-Windows systems
[1.365s] INFO:colcon.colcon_notification.desktop_notification:Sending desktop notification using 'notify2'
[1.366s] DEBUG:colcon.colcon_notification.desktop_notification.notify2:Failed to initialize notify2: org.freedesktop.DBus.Error.FileNotFound: Failed to connect to socket /run/user/1000/bus: No such file or directory
[1.366s] DEBUG:colcon.colcon_core.event_reactor:joined thread
[1.366s] INFO:colcon.colcon_core.shell:Creating prefix script '/home/user/ros2_ws/src/TechSimApi/install/local_setup.ps1'
[1.367s] INFO:colcon.colcon_core.shell:Creating prefix util module '/home/user/ros2_ws/src/TechSimApi/install/_local_setup_util_ps1.py'
[1.368s] INFO:colcon.colcon_core.shell:Creating prefix chain script '/home/user/ros2_ws/src/TechSimApi/install/setup.ps1'
[1.369s] INFO:colcon.colcon_core.shell:Creating prefix script '/home/user/ros2_ws/src/TechSimApi/install/local_setup.sh'
[1.370s] INFO:colcon.colcon_core.shell:Creating prefix util module '/home/user/ros2_ws/src/TechSimApi/install/_local_setup_util_sh.py'
[1.370s] INFO:colcon.colcon_core.shell:Creating prefix chain script '/home/user/ros2_ws/src/TechSimApi/install/setup.sh'
[1.371s] INFO:colcon.colcon_core.shell:Creating prefix script '/home/user/ros2_ws/src/TechSimApi/install/local_setup.bash'
[1.371s] INFO:colcon.colcon_core.shell:Creating prefix chain script '/home/user/ros2_ws/src/TechSimApi/install/setup.bash'
[1.372s] INFO:colcon.colcon_core.shell:Creating prefix script '/home/user/ros2_ws/src/TechSimApi/install/local_setup.zsh'
[1.373s] INFO:colcon.colcon_core.shell:Creating prefix chain script '/home/user/ros2_ws/src/TechSimApi/install/setup.zsh'
