[0.460s] Invoking command in '/home/user/ros2_ws/src/TechSimApi': PYTHONPATH=/home/user/ros2_ws/src/TechSimApi/build/computer_vision_functionality/prefix_override:/usr/lib/python3/dist-packages/colcon_core/task/python/colcon_distutils_commands:/home/user/ros2_ws/src/TechSimApi/install/computer_vision_functionality/lib/python3.10/site-packages:${PYTHONPATH} /usr/bin/python3 -W ignore:setup.py install is deprecated setup.py egg_info --egg-base build/computer_vision_functionality build --build-base /home/user/ros2_ws/src/TechSimApi/build/computer_vision_functionality/build install --record /home/user/ros2_ws/src/TechSimApi/build/computer_vision_functionality/install.log --single-version-externally-managed install_data
[0.620s] running egg_info
[0.620s] writing build/computer_vision_functionality/computer_vision_functionality.egg-info/PKG-INFO
[0.621s] writing dependency_links to build/computer_vision_functionality/computer_vision_functionality.egg-info/dependency_links.txt
[0.621s] writing entry points to build/computer_vision_functionality/computer_vision_functionality.egg-info/entry_points.txt
[0.621s] writing requirements to build/computer_vision_functionality/computer_vision_functionality.egg-info/requires.txt
[0.621s] writing top-level names to build/computer_vision_functionality/computer_vision_functionality.egg-info/top_level.txt
[0.623s] reading manifest file 'build/computer_vision_functionality/computer_vision_functionality.egg-info/SOURCES.txt'
[0.623s] writing manifest file 'build/computer_vision_functionality/computer_vision_functionality.egg-info/SOURCES.txt'
[0.623s] running build
[0.624s] running build_py
[0.624s] running install
[0.625s] running install_lib
[0.625s] creating /home/user/ros2_ws/src/TechSimApi/install/computer_vision_functionality/lib/python3.10/site-packages/computer_vision_functionality
[0.625s] copying /home/user/ros2_ws/src/TechSimApi/build/computer_vision_functionality/build/lib/computer_vision_functionality/example.py -> /home/user/ros2_ws/src/TechSimApi/install/computer_vision_functionality/lib/python3.10/site-packages/computer_vision_functionality
[0.626s] copying /home/user/ros2_ws/src/TechSimApi/build/computer_vision_functionality/build/lib/computer_vision_functionality/get_point_cloud_by_lidar_from_sim_node.py -> /home/user/ros2_ws/src/TechSimApi/install/computer_vision_functionality/lib/python3.10/site-packages/computer_vision_functionality
[0.626s] copying /home/user/ros2_ws/src/TechSimApi/build/computer_vision_functionality/build/lib/computer_vision_functionality/aruco_marker_recognizer.py -> /home/user/ros2_ws/src/TechSimApi/install/computer_vision_functionality/lib/python3.10/site-packages/computer_vision_functionality
[0.626s] copying /home/user/ros2_ws/src/TechSimApi/build/computer_vision_functionality/build/lib/computer_vision_functionality/get_imu_and_bar_data_node.py -> /home/user/ros2_ws/src/TechSimApi/install/computer_vision_functionality/lib/python3.10/site-packages/computer_vision_functionality
[0.626s] copying /home/user/ros2_ws/src/TechSimApi/build/computer_vision_functionality/build/lib/computer_vision_functionality/recognition_of_aruco_marker_node.py -> /home/user/ros2_ws/src/TechSimApi/install/computer_vision_functionality/lib/python3.10/site-packages/computer_vision_functionality
[0.627s] copying /home/user/ros2_ws/src/TechSimApi/build/computer_vision_functionality/build/lib/computer_vision_functionality/get_image_from_sim_node.py -> /home/user/ros2_ws/src/TechSimApi/install/computer_vision_functionality/lib/python3.10/site-packages/computer_vision_functionality
[0.627s] copying /home/user/ros2_ws/src/TechSimApi/build/computer_vision_functionality/build/lib/computer_vision_functionality/__init__.py -> /home/user/ros2_ws/src/TechSimApi/install/computer_vision_functionality/lib/python3.10/site-packages/computer_vision_functionality
[0.627s] copying /home/user/ros2_ws/src/TechSimApi/build/computer_vision_functionality/build/lib/computer_vision_functionality/recognition_setting.py -> /home/user/ros2_ws/src/TechSimApi/install/computer_vision_functionality/lib/python3.10/site-packages/computer_vision_functionality
[0.627s] copying /home/user/ros2_ws/src/TechSimApi/build/computer_vision_functionality/build/lib/computer_vision_functionality/teleop.py -> /home/user/ros2_ws/src/TechSimApi/install/computer_vision_functionality/lib/python3.10/site-packages/computer_vision_functionality
[0.628s] creating /home/user/ros2_ws/src/TechSimApi/install/computer_vision_functionality/lib/python3.10/site-packages/computer_vision_functionality/agrotechsimapi
[0.628s] copying /home/user/ros2_ws/src/TechSimApi/build/computer_vision_functionality/build/lib/computer_vision_functionality/agrotechsimapi/pfm.py -> /home/user/ros2_ws/src/TechSimApi/install/computer_vision_functionality/lib/python3.10/site-packages/computer_vision_functionality/agrotechsimapi
[0.628s] copying /home/user/ros2_ws/src/TechSimApi/build/computer_vision_functionality/build/lib/computer_vision_functionality/agrotechsimapi/__init__.py -> /home/user/ros2_ws/src/TechSimApi/install/computer_vision_functionality/lib/python3.10/site-packages/computer_vision_functionality/agrotechsimapi
[0.628s] copying /home/user/ros2_ws/src/TechSimApi/build/computer_vision_functionality/build/lib/computer_vision_functionality/agrotechsimapi/utils.py -> /home/user/ros2_ws/src/TechSimApi/install/computer_vision_functionality/lib/python3.10/site-packages/computer_vision_functionality/agrotechsimapi
[0.628s] copying /home/user/ros2_ws/src/TechSimApi/build/computer_vision_functionality/build/lib/computer_vision_functionality/agrotechsimapi/client.py -> /home/user/ros2_ws/src/TechSimApi/install/computer_vision_functionality/lib/python3.10/site-packages/computer_vision_functionality/agrotechsimapi
[0.628s] copying /home/user/ros2_ws/src/TechSimApi/build/computer_vision_functionality/build/lib/computer_vision_functionality/agrotechsimapi/types.py -> /home/user/ros2_ws/src/TechSimApi/install/computer_vision_functionality/lib/python3.10/site-packages/computer_vision_functionality/agrotechsimapi
[0.628s] copying /home/user/ros2_ws/src/TechSimApi/build/computer_vision_functionality/build/lib/computer_vision_functionality/sim_driver.py -> /home/user/ros2_ws/src/TechSimApi/install/computer_vision_functionality/lib/python3.10/site-packages/computer_vision_functionality
[0.628s] byte-compiling /home/user/ros2_ws/src/TechSimApi/install/computer_vision_functionality/lib/python3.10/site-packages/computer_vision_functionality/example.py to example.cpython-310.pyc
[0.629s] byte-compiling /home/user/ros2_ws/src/TechSimApi/install/computer_vision_functionality/lib/python3.10/site-packages/computer_vision_functionality/get_point_cloud_by_lidar_from_sim_node.py to get_point_cloud_by_lidar_from_sim_node.cpython-310.pyc
[0.629s] byte-compiling /home/user/ros2_ws/src/TechSimApi/install/computer_vision_functionality/lib/python3.10/site-packages/computer_vision_functionality/aruco_marker_recognizer.py to aruco_marker_recognizer.cpython-310.pyc
[0.630s] byte-compiling /home/user/ros2_ws/src/TechSimApi/install/computer_vision_functionality/lib/python3.10/site-packages/computer_vision_functionality/get_imu_and_bar_data_node.py to get_imu_and_bar_data_node.cpython-310.pyc
[0.630s] byte-compiling /home/user/ros2_ws/src/TechSimApi/install/computer_vision_functionality/lib/python3.10/site-packages/computer_vision_functionality/recognition_of_aruco_marker_node.py to recognition_of_aruco_marker_node.cpython-310.pyc
[0.631s] byte-compiling /home/user/ros2_ws/src/TechSimApi/install/computer_vision_functionality/lib/python3.10/site-packages/computer_vision_functionality/get_image_from_sim_node.py to get_image_from_sim_node.cpython-310.pyc
[0.631s] byte-compiling /home/user/ros2_ws/src/TechSimApi/install/computer_vision_functionality/lib/python3.10/site-packages/computer_vision_functionality/__init__.py to __init__.cpython-310.pyc
[0.631s] byte-compiling /home/user/ros2_ws/src/TechSimApi/install/computer_vision_functionality/lib/python3.10/site-packages/computer_vision_functionality/recognition_setting.py to recognition_setting.cpython-310.pyc
[0.632s] byte-compiling /home/user/ros2_ws/src/TechSimApi/install/computer_vision_functionality/lib/python3.10/site-packages/computer_vision_functionality/teleop.py to teleop.cpython-310.pyc
[0.632s] byte-compiling /home/user/ros2_ws/src/TechSimApi/install/computer_vision_functionality/lib/python3.10/site-packages/computer_vision_functionality/agrotechsimapi/pfm.py to pfm.cpython-310.pyc
[0.633s] byte-compiling /home/user/ros2_ws/src/TechSimApi/install/computer_vision_functionality/lib/python3.10/site-packages/computer_vision_functionality/agrotechsimapi/__init__.py to __init__.cpython-310.pyc
[0.633s] byte-compiling /home/user/ros2_ws/src/TechSimApi/install/computer_vision_functionality/lib/python3.10/site-packages/computer_vision_functionality/agrotechsimapi/utils.py to utils.cpython-310.pyc
[0.634s] byte-compiling /home/user/ros2_ws/src/TechSimApi/install/computer_vision_functionality/lib/python3.10/site-packages/computer_vision_functionality/agrotechsimapi/client.py to client.cpython-310.pyc
[0.636s] byte-compiling /home/user/ros2_ws/src/TechSimApi/install/computer_vision_functionality/lib/python3.10/site-packages/computer_vision_functionality/agrotechsimapi/types.py to types.cpython-310.pyc
[0.639s] byte-compiling /home/user/ros2_ws/src/TechSimApi/install/computer_vision_functionality/lib/python3.10/site-packages/computer_vision_functionality/sim_driver.py to sim_driver.cpython-310.pyc
[0.639s] running install_data
[0.639s] creating /home/user/ros2_ws/src/TechSimApi/install/computer_vision_functionality/share/ament_index
[0.639s] creating /home/user/ros2_ws/src/TechSimApi/install/computer_vision_functionality/share/ament_index/resource_index
[0.640s] creating /home/user/ros2_ws/src/TechSimApi/install/computer_vision_functionality/share/ament_index/resource_index/packages
[0.640s] copying resource/computer_vision_functionality -> /home/user/ros2_ws/src/TechSimApi/install/computer_vision_functionality/share/ament_index/resource_index/packages
[0.640s] copying package.xml -> /home/user/ros2_ws/src/TechSimApi/install/computer_vision_functionality/share/computer_vision_functionality
[0.640s] copying launch/driver.launch.py -> /home/user/ros2_ws/src/TechSimApi/install/computer_vision_functionality/share/computer_vision_functionality
[0.640s] running install_egg_info
[0.641s] Copying build/computer_vision_functionality/computer_vision_functionality.egg-info to /home/user/ros2_ws/src/TechSimApi/install/computer_vision_functionality/lib/python3.10/site-packages/computer_vision_functionality-0.0.0-py3.10.egg-info
[0.642s] running install_scripts
[0.657s] Installing example script to /home/user/ros2_ws/src/TechSimApi/install/computer_vision_functionality/lib/computer_vision_functionality
[0.657s] Installing get_image_from_sim_node script to /home/user/ros2_ws/src/TechSimApi/install/computer_vision_functionality/lib/computer_vision_functionality
[0.658s] Installing get_imu_and_bar_data_node script to /home/user/ros2_ws/src/TechSimApi/install/computer_vision_functionality/lib/computer_vision_functionality
[0.658s] Installing read_lidar_point_cloud_node script to /home/user/ros2_ws/src/TechSimApi/install/computer_vision_functionality/lib/computer_vision_functionality
[0.658s] Installing recognition_of_aruco_marker_node script to /home/user/ros2_ws/src/TechSimApi/install/computer_vision_functionality/lib/computer_vision_functionality
[0.658s] Installing sim_driver_node script to /home/user/ros2_ws/src/TechSimApi/install/computer_vision_functionality/lib/computer_vision_functionality
[0.658s] Installing teleop_node script to /home/user/ros2_ws/src/TechSimApi/install/computer_vision_functionality/lib/computer_vision_functionality
[0.658s] writing list of installed files to '/home/user/ros2_ws/src/TechSimApi/build/computer_vision_functionality/install.log'
[0.679s] Invoked command in '/home/user/ros2_ws/src/TechSimApi' returned '0': PYTHONPATH=/home/user/ros2_ws/src/TechSimApi/build/computer_vision_functionality/prefix_override:/usr/lib/python3/dist-packages/colcon_core/task/python/colcon_distutils_commands:/home/user/ros2_ws/src/TechSimApi/install/computer_vision_functionality/lib/python3.10/site-packages:${PYTHONPATH} /usr/bin/python3 -W ignore:setup.py install is deprecated setup.py egg_info --egg-base build/computer_vision_functionality build --build-base /home/user/ros2_ws/src/TechSimApi/build/computer_vision_functionality/build install --record /home/user/ros2_ws/src/TechSimApi/build/computer_vision_functionality/install.log --single-version-externally-managed install_data
